<?xml version="1.0" encoding="UTF-8"?>
<!-- Generated by org.testng.reporters.JUnitReportReporter -->
<testsuite hostname="DESKTOP-FRE1AQT" failures="0" tests="1" name="EXLAT_PACKAGE.SauceRemoveFromCart" time="4.803" errors="0" timestamp="2023-10-16T13:02:00 IST" skipped="0">
  <testcase classname="EXLAT_PACKAGE.SauceRemoveFromCart" name="RemoveFromCart" time="4.803"/>
</testsuite> <!-- EXLAT_PACKAGE.SauceRemoveFromCart -->
