<?xml version="1.0" encoding="UTF-8"?>
<!-- Generated by org.testng.reporters.JUnitReportReporter -->
<testsuite hostname="DESKTOP-FRE1AQT" failures="0" tests="1" name="EXLAT_PACKAGE.Sauce_login" time="10.002" errors="0" timestamp="2023-10-16T13:02:00 IST" skipped="0">
  <testcase classname="EXLAT_PACKAGE.Sauce_login" name="Login" time="10.002"/>
</testsuite> <!-- EXLAT_PACKAGE.Sauce_login -->
